
=INFO REPORT==== 14-Dec-2012::05:27:02 ===
Starting Boss in development mode....

=INFO REPORT==== 14-Dec-2012::05:27:02 ===
Starting master services on headliners_app@arch

=INFO REPORT==== 14-Dec-2012::05:27:02 ===
SSL:[]

=INFO REPORT==== 14-Dec-2012::05:27:02 ===
Loading routes from "/home/lee/headlinersFinal/headliners/headliners_app/priv/headliners_app.routes" ....

=INFO REPORT==== 14-Dec-2012::05:27:05 ===
Loading routes from "/home/lee/headlinersFinal/headliners/headliners_app/priv/headliners_app.routes" ....

=INFO REPORT==== 14-Dec-2012::05:27:06 ===
GET / [headliners_app] 200 510ms

=INFO REPORT==== 14-Dec-2012::05:27:08 ===
Loading routes from "/home/lee/headlinersFinal/headliners/headliners_app/priv/headliners_app.routes" ....

=INFO REPORT==== 14-Dec-2012::05:27:08 ===
GET / [headliners_app] 200 616ms

=INFO REPORT==== 14-Dec-2012::05:27:14 ===
Loading routes from "/home/lee/headlinersFinal/headliners/headliners_app/priv/headliners_app.routes" ....

=INFO REPORT==== 14-Dec-2012::05:27:16 ===
POST /search/result [headliners_app] 302 1968ms

=INFO REPORT==== 14-Dec-2012::05:27:16 ===
Loading routes from "/home/lee/headlinersFinal/headliners/headliners_app/priv/headliners_app.routes" ....

=INFO REPORT==== 14-Dec-2012::05:27:17 ===
GET /search/result/search-326 [headliners_app] 200 1071ms

=INFO REPORT==== 14-Dec-2012::05:27:18 ===
Loading routes from "/home/lee/headlinersFinal/headliners/headliners_app/priv/headliners_app.routes" ....

=INFO REPORT==== 14-Dec-2012::05:27:18 ===
GET /ajax/get_favorites/ [headliners_app] 200 549ms
