
=INFO REPORT==== 14-Dec-2012::05:47:25 ===
Starting Boss in development mode....

=INFO REPORT==== 14-Dec-2012::05:47:25 ===
Starting master services on headliners_app@arch

=INFO REPORT==== 14-Dec-2012::05:47:25 ===
SSL:[]

=INFO REPORT==== 14-Dec-2012::05:47:25 ===
Loading routes from "/home/lee/headlinersFinal/headliners/headliners_app/priv/headliners_app.routes" ....

=INFO REPORT==== 14-Dec-2012::05:47:28 ===
Loading routes from "/home/lee/headlinersFinal/headliners/headliners_app/priv/headliners_app.routes" ....

=INFO REPORT==== 14-Dec-2012::05:47:28 ===
GET / [headliners_app] 200 532ms

=INFO REPORT==== 14-Dec-2012::06:00:28 ===
Loading routes from "/home/lee/headlinersFinal/headliners/headliners_app/priv/headliners_app.routes" ....

=INFO REPORT==== 14-Dec-2012::06:00:29 ===
GET / [headliners_app] 200 630ms

=INFO REPORT==== 14-Dec-2012::06:00:35 ===
Loading routes from "/home/lee/headlinersFinal/headliners/headliners_app/priv/headliners_app.routes" ....

=INFO REPORT==== 14-Dec-2012::06:00:37 ===
POST /search/result [headliners_app] 302 1870ms

=INFO REPORT==== 14-Dec-2012::06:00:37 ===
Loading routes from "/home/lee/headlinersFinal/headliners/headliners_app/priv/headliners_app.routes" ....

=INFO REPORT==== 14-Dec-2012::06:00:38 ===
GET /search/result/search-327 [headliners_app] 200 1390ms

=INFO REPORT==== 14-Dec-2012::06:00:39 ===
Loading routes from "/home/lee/headlinersFinal/headliners/headliners_app/priv/headliners_app.routes" ....

=INFO REPORT==== 14-Dec-2012::06:00:39 ===
GET /ajax/get_favorites/ [headliners_app] 200 557ms

=INFO REPORT==== 14-Dec-2012::06:00:45 ===
Loading routes from "/home/lee/headlinersFinal/headliners/headliners_app/priv/headliners_app.routes" ....

=INFO REPORT==== 14-Dec-2012::06:00:45 ===
GET /ajax/login/user/password [headliners_app] 200 628ms

=INFO REPORT==== 14-Dec-2012::06:00:49 ===
Loading routes from "/home/lee/headlinersFinal/headliners/headliners_app/priv/headliners_app.routes" ....

=INFO REPORT==== 14-Dec-2012::06:00:49 ===
GET /ajax/tweet_favorite/279547821957459968 [headliners_app] 200 618ms

=INFO REPORT==== 14-Dec-2012::06:00:53 ===
Loading routes from "/home/lee/headlinersFinal/headliners/headliners_app/priv/headliners_app.routes" ....

=INFO REPORT==== 14-Dec-2012::06:00:54 ===
GET /ajax/tweet_favorite/279265911700062208 [headliners_app] 200 573ms

=INFO REPORT==== 14-Dec-2012::06:00:54 ===
Loading routes from "/home/lee/headlinersFinal/headliners/headliners_app/priv/headliners_app.routes" ....

=INFO REPORT==== 14-Dec-2012::06:00:55 ===
GET /ajax/tweet_unfavorite/279265911700062208 [headliners_app] 200 564ms

=INFO REPORT==== 14-Dec-2012::06:00:56 ===
Loading routes from "/home/lee/headlinersFinal/headliners/headliners_app/priv/headliners_app.routes" ....

=INFO REPORT==== 14-Dec-2012::06:00:57 ===
GET /ajax/tweet_favorite/279265911700062208 [headliners_app] 200 581ms

=INFO REPORT==== 14-Dec-2012::06:00:59 ===
Loading routes from "/home/lee/headlinersFinal/headliners/headliners_app/priv/headliners_app.routes" ....

=INFO REPORT==== 14-Dec-2012::06:00:59 ===
GET /ajax/get_tweet_page/Next [headliners_app] 200 619ms

=INFO REPORT==== 14-Dec-2012::06:01:02 ===
Loading routes from "/home/lee/headlinersFinal/headliners/headliners_app/priv/headliners_app.routes" ....

=INFO REPORT==== 14-Dec-2012::06:01:02 ===
GET /ajax/get_tweet_page/Next [headliners_app] 200 615ms

=INFO REPORT==== 14-Dec-2012::06:01:07 ===
Loading routes from "/home/lee/headlinersFinal/headliners/headliners_app/priv/headliners_app.routes" ....

=INFO REPORT==== 14-Dec-2012::06:01:08 ===
GET /ajax/get_tweet_page/5 [headliners_app] 200 630ms

=INFO REPORT==== 14-Dec-2012::06:01:10 ===
Loading routes from "/home/lee/headlinersFinal/headliners/headliners_app/priv/headliners_app.routes" ....

=INFO REPORT==== 14-Dec-2012::06:01:11 ===
GET /ajax/get_tweet_page/1 [headliners_app] 200 609ms

=INFO REPORT==== 14-Dec-2012::06:02:22 ===
Loading routes from "/home/lee/headlinersFinal/headliners/headliners_app/priv/headliners_app.routes" ....

=INFO REPORT==== 14-Dec-2012::06:02:23 ===
GET /search/result/search-327 [headliners_app] 200 904ms

=INFO REPORT==== 14-Dec-2012::06:02:24 ===
Loading routes from "/home/lee/headlinersFinal/headliners/headliners_app/priv/headliners_app.routes" ....

=INFO REPORT==== 14-Dec-2012::06:02:24 ===
GET /ajax/get_favorites/ [headliners_app] 200 555ms

=INFO REPORT==== 14-Dec-2012::06:02:33 ===
Loading routes from "/home/lee/headlinersFinal/headliners/headliners_app/priv/headliners_app.routes" ....

=INFO REPORT==== 14-Dec-2012::06:02:33 ===
GET /ajax/logout/ [headliners_app] 200 567ms

=INFO REPORT==== 14-Dec-2012::06:02:37 ===
Loading routes from "/home/lee/headlinersFinal/headliners/headliners_app/priv/headliners_app.routes" ....

=INFO REPORT==== 14-Dec-2012::06:02:37 ===
GET /ajax/login/user/password [headliners_app] 200 572ms

=INFO REPORT==== 14-Dec-2012::06:04:01 ===
Loading routes from "/home/lee/headlinersFinal/headliners/headliners_app/priv/headliners_app.routes" ....

=INFO REPORT==== 14-Dec-2012::06:04:02 ===
GET /search/result/search-327 [headliners_app] 200 1261ms

=INFO REPORT==== 14-Dec-2012::06:04:03 ===
Loading routes from "/home/lee/headlinersFinal/headliners/headliners_app/priv/headliners_app.routes" ....

=INFO REPORT==== 14-Dec-2012::06:04:03 ===
GET /ajax/get_favorites/ [headliners_app] 200 548ms

=INFO REPORT==== 14-Dec-2012::06:04:04 ===
Loading routes from "/home/lee/headlinersFinal/headliners/headliners_app/priv/headliners_app.routes" ....

=INFO REPORT==== 14-Dec-2012::06:04:05 ===
GET /ajax/logout/ [headliners_app] 200 538ms

=INFO REPORT==== 14-Dec-2012::06:04:08 ===
Loading routes from "/home/lee/headlinersFinal/headliners/headliners_app/priv/headliners_app.routes" ....

=INFO REPORT==== 14-Dec-2012::06:04:09 ===
GET /ajax/login/user/password [headliners_app] 200 530ms

=INFO REPORT==== 14-Dec-2012::06:06:30 ===
Loading routes from "/home/lee/headlinersFinal/headliners/headliners_app/priv/headliners_app.routes" ....

=INFO REPORT==== 14-Dec-2012::06:06:32 ===
GET /search/result/search-327 [headliners_app] 200 1027ms

=INFO REPORT==== 14-Dec-2012::06:06:32 ===
Loading routes from "/home/lee/headlinersFinal/headliners/headliners_app/priv/headliners_app.routes" ....

=INFO REPORT==== 14-Dec-2012::06:06:33 ===
GET /ajax/get_favorites/ [headliners_app] 200 530ms

=INFO REPORT==== 14-Dec-2012::06:06:34 ===
Loading routes from "/home/lee/headlinersFinal/headliners/headliners_app/priv/headliners_app.routes" ....

=INFO REPORT==== 14-Dec-2012::06:06:35 ===
GET / [headliners_app] 200 649ms
